<?xml version="1.0" encoding="UTF-8"?>
<testsuite name="com.example.bookmark.BookmarkApplicationTests" tests="1" skipped="0" failures="0" errors="0" timestamp="2025-12-19T15:18:32.130Z" hostname="DESKTOP-V0D5FSN" time="0.361">
  <properties/>
  <testcase name="contextLoads()" classname="com.example.bookmark.BookmarkApplicationTests" time="0.361"/>
  <system-out><![CDATA[00:18:25.627 [Test worker] INFO org.springframework.test.context.support.AnnotationConfigContextLoaderUtils -- Could not detect default configuration classes for test class [com.example.bookmark.BookmarkApplicationTests]: BookmarkApplicationTests does not declare any static, non-private, non-final, nested classes annotated with @Configuration.
00:18:25.889 [Test worker] INFO org.springframework.boot.test.context.SpringBootTestContextBootstrapper -- Found @SpringBootConfiguration com.example.bookmark.BookmarkApplication for test class com.example.bookmark.BookmarkApplicationTests

  .   ____          _            __ _ _
 /\\ / ___'_ __ _ _(_)_ __  __ _ \ \ \ \
( ( )\___ | '_ | '_| | '_ \/ _` | \ \ \ \
 \\/  ___)| |_)| | | | | || (_| |  ) ) ) )
  '  |____| .__|_| |_|_| |_\__, | / / / /
 =========|_|==============|___/=/_/_/_/

 :: Spring Boot ::                (v3.5.8)

2025-12-20T00:18:26.485+09:00  INFO 8900 --- [bookmark] [    Test worker] c.e.bookmark.BookmarkApplicationTests    : Starting BookmarkApplicationTests using Java 21.0.8 with PID 8900 (started by dohye in C:\dev\MySave_BE)
2025-12-20T00:18:26.486+09:00  INFO 8900 --- [bookmark] [    Test worker] c.e.bookmark.BookmarkApplicationTests    : No active profile set, falling back to 1 default profile: "default"
2025-12-20T00:18:27.614+09:00  INFO 8900 --- [bookmark] [    Test worker] .s.d.r.c.RepositoryConfigurationDelegate : Bootstrapping Spring Data JPA repositories in DEFAULT mode.
2025-12-20T00:18:27.680+09:00  INFO 8900 --- [bookmark] [    Test worker] .s.d.r.c.RepositoryConfigurationDelegate : Finished Spring Data repository scanning in 53 ms. Found 2 JPA repository interfaces.
2025-12-20T00:18:28.518+09:00  INFO 8900 --- [bookmark] [    Test worker] o.hibernate.jpa.internal.util.LogHelper  : HHH000204: Processing PersistenceUnitInfo [name: default]
2025-12-20T00:18:28.619+09:00  INFO 8900 --- [bookmark] [    Test worker] org.hibernate.Version                    : HHH000412: Hibernate ORM core version 6.6.36.Final
2025-12-20T00:18:28.670+09:00  INFO 8900 --- [bookmark] [    Test worker] o.h.c.internal.RegionFactoryInitiator    : HHH000026: Second-level cache disabled
2025-12-20T00:18:29.033+09:00  INFO 8900 --- [bookmark] [    Test worker] o.s.o.j.p.SpringPersistenceUnitInfo      : No LoadTimeWeaver setup: ignoring JPA class transformer
2025-12-20T00:18:29.061+09:00  INFO 8900 --- [bookmark] [    Test worker] com.zaxxer.hikari.HikariDataSource       : HikariPool-1 - Starting...
2025-12-20T00:18:29.295+09:00  INFO 8900 --- [bookmark] [    Test worker] com.zaxxer.hikari.pool.HikariPool        : HikariPool-1 - Added connection org.postgresql.jdbc.PgConnection@2e4b5da1
2025-12-20T00:18:29.298+09:00  INFO 8900 --- [bookmark] [    Test worker] com.zaxxer.hikari.HikariDataSource       : HikariPool-1 - Start completed.
2025-12-20T00:18:29.375+09:00  INFO 8900 --- [bookmark] [    Test worker] org.hibernate.orm.connections.pooling    : HHH10001005: Database info:
	Database JDBC URL [Connecting through datasource 'HikariDataSource (HikariPool-1)']
	Database driver: undefined/unknown
	Database version: 16.10
	Autocommit mode: undefined/unknown
	Isolation level: undefined/unknown
	Minimum pool size: undefined/unknown
	Maximum pool size: undefined/unknown
2025-12-20T00:18:30.437+09:00  INFO 8900 --- [bookmark] [    Test worker] o.h.e.t.j.p.i.JtaPlatformInitiator       : HHH000489: No JTA platform available (set 'hibernate.transaction.jta.platform' to enable JTA platform integration)
2025-12-20T00:18:30.601+09:00  INFO 8900 --- [bookmark] [    Test worker] j.LocalContainerEntityManagerFactoryBean : Initialized JPA EntityManagerFactory for persistence unit 'default'
]]>&#x1f525;<![CDATA[ SecurityConfig LOADED SUCCESSFULLY!
2025-12-20T00:18:31.276+09:00  WARN 8900 --- [bookmark] [    Test worker] JpaBaseConfiguration$JpaWebConfiguration : spring.jpa.open-in-view is enabled by default. Therefore, database queries may be performed during view rendering. Explicitly configure spring.jpa.open-in-view to disable this warning
2025-12-20T00:18:31.666+09:00  WARN 8900 --- [bookmark] [    Test worker] .s.s.UserDetailsServiceAutoConfiguration : 

Using generated security password: e08d7cb6-9816-4cfa-b444-aa75802116ee

This generated password is for development use only. Your security configuration must be updated before running your application in production.

2025-12-20T00:18:31.678+09:00  INFO 8900 --- [bookmark] [    Test worker] r$InitializeUserDetailsManagerConfigurer : Global AuthenticationManager configured with UserDetailsService bean with name inMemoryUserDetailsManager
2025-12-20T00:18:32.114+09:00  INFO 8900 --- [bookmark] [    Test worker] c.e.bookmark.BookmarkApplicationTests    : Started BookmarkApplicationTests in 6.017 seconds (process running for 7.468)
2025-12-20T00:18:32.235+09:00 DEBUG 8900 --- [bookmark] [   scheduling-1] org.hibernate.SQL                        : 
    select
        b1_0.id,
        b1_0.content,
        b1_0.created_at,
        b1_0.memo,
        b1_0.reminder_at,
        b1_0.reminder_sent,
        b1_0.summary,
        b1_0.title,
        b1_0.url,
        b1_0.user_id 
    from
        bookmarks b1_0 
    where
        b1_0.reminder_at<? 
        and not(b1_0.reminder_sent)
Hibernate: 
    select
        b1_0.id,
        b1_0.content,
        b1_0.created_at,
        b1_0.memo,
        b1_0.reminder_at,
        b1_0.reminder_sent,
        b1_0.summary,
        b1_0.title,
        b1_0.url,
        b1_0.user_id 
    from
        bookmarks b1_0 
    where
        b1_0.reminder_at<? 
        and not(b1_0.reminder_sent)
2025-12-20T00:18:32.238+09:00 TRACE 8900 --- [bookmark] [   scheduling-1] org.hibernate.orm.jdbc.bind              : binding parameter (1:TIMESTAMP_UTC) <- [2025-12-20T00:18:32.128664900+09:00]
]]></system-out>
  <system-err><![CDATA[Mockito is currently self-attaching to enable the inline-mock-maker. This will no longer work in future releases of the JDK. Please add Mockito as an agent to your build as described in Mockito's documentation: https://javadoc.io/doc/org.mockito/mockito-core/latest/org.mockito/org/mockito/Mockito.html#0.3
WARNING: A Java agent has been loaded dynamically (C:\Users\dohye\.gradle\caches\modules-2\files-2.1\net.bytebuddy\byte-buddy-agent\1.17.8\f09415827a71be7ed621c7bd02550678f28bc81c\byte-buddy-agent-1.17.8.jar)
WARNING: If a serviceability tool is in use, please run with -XX:+EnableDynamicAgentLoading to hide this warning
WARNING: If a serviceability tool is not in use, please run with -Djdk.instrument.traceUsage for more information
WARNING: Dynamic loading of agents will be disallowed by default in a future release
]]></system-err>
</testsuite>
